Start main
Hyperparameters:
BUFFER_SIZE          =   1000000
BATCH_SIZE           =   512
GAMMA                =   0.95
TAU                  =   0.01
LR_ACTOR             =   0.001
LR_CRITIC            =   0.0001
WEIGHT_DECAY         =   0
UPDATE_EVERY         =   3
UPDATE_TIMES         =   20
SEED                 =   3
BENCHMARK            =   False
EXP_REP_BUF          =   False
PRE_TRAINED          =   False
SCENARIO             =   simple_track_ivan
RENDER               =   False
PROGRESS_BAR         =   True
DEVICE               =   cuda
parallel_envs        =   4
num_agents           =   2
num_landmarks        =   1
number_of_episodes   =   400000
episode_length       =   35
save_interval        =   1000
noise                =   0.05
noise_reduction      =   0.999
Initialize the number of parallel envs in torch
Initialize the environments
